<?xml version="1.0" encoding="UTF-8"?>
<coverage generated="1782708874604" clover="3.2.0">
  <project timestamp="1782708874604" name="All files">
    <metrics statements="117" coveredstatements="104" conditionals="88" coveredconditionals="75" methods="31" coveredmethods="24" elements="236" coveredelements="203" complexity="0" loc="117" ncloc="117" packages="4" files="5" classes="5"/>
    <package name="app.(auth)">
      <metrics statements="20" coveredstatements="15" conditionals="16" coveredconditionals="12" methods="6" coveredmethods="3"/>
      <file name="login.tsx" path="/Users/rafizimraan/DevProjects/@ReactNative/sidaqHubApps/app/(auth)/login.tsx">
        <metrics statements="20" coveredstatements="15" conditionals="16" coveredconditionals="12" methods="6" coveredmethods="3"/>
        <line num="21" count="12" type="stmt"/>
        <line num="22" count="12" type="stmt"/>
        <line num="23" count="12" type="stmt"/>
        <line num="24" count="12" type="stmt"/>
        <line num="25" count="12" type="stmt"/>
        <line num="26" count="12" type="stmt"/>
        <line num="27" count="12" type="stmt"/>
        <line num="29" count="12" type="stmt"/>
        <line num="30" count="1" type="cond" truecount="3" falsecount="1"/>
        <line num="31" count="0" type="stmt"/>
        <line num="32" count="0" type="stmt"/>
        <line num="35" count="1" type="stmt"/>
        <line num="36" count="1" type="stmt"/>
        <line num="39" count="12" type="stmt"/>
        <line num="40" count="0" type="stmt"/>
        <line num="45" count="12" type="stmt"/>
        <line num="97" count="1" type="stmt"/>
        <line num="115" count="0" type="stmt"/>
        <line num="186" count="0" type="stmt"/>
        <line num="205" count="1" type="stmt"/>
      </file>
    </package>
    <package name="src.constants">
      <metrics statements="32" coveredstatements="30" conditionals="26" coveredconditionals="26" methods="4" coveredmethods="4"/>
      <file name="theme.ts" path="/Users/rafizimraan/DevProjects/@ReactNative/sidaqHubApps/src/constants/theme.ts">
        <metrics statements="32" coveredstatements="30" conditionals="26" coveredconditionals="26" methods="4" coveredmethods="4"/>
        <line num="1" count="2" type="stmt"/>
        <line num="16" count="2" type="stmt"/>
        <line num="24" count="2" type="stmt"/>
        <line num="33" count="2" type="stmt"/>
        <line num="42" count="7" type="cond" truecount="2" falsecount="0"/>
        <line num="43" count="6" type="cond" truecount="2" falsecount="0"/>
        <line num="44" count="5" type="cond" truecount="2" falsecount="0"/>
        <line num="45" count="4" type="cond" truecount="2" falsecount="0"/>
        <line num="46" count="3" type="cond" truecount="2" falsecount="0"/>
        <line num="47" count="2" type="cond" truecount="2" falsecount="0"/>
        <line num="48" count="1" type="stmt"/>
        <line num="52" count="6" type="stmt"/>
        <line num="53" count="6" type="stmt"/>
        <line num="54" count="6" type="cond" truecount="2" falsecount="0"/>
        <line num="55" count="5" type="stmt"/>
        <line num="56" count="5" type="stmt"/>
        <line num="57" count="5" type="stmt"/>
        <line num="58" count="5" type="stmt"/>
        <line num="59" count="5" type="stmt"/>
        <line num="60" count="5" type="cond" truecount="2" falsecount="0"/>
        <line num="61" count="4" type="cond" truecount="2" falsecount="0"/>
        <line num="62" count="3" type="cond" truecount="2" falsecount="0"/>
        <line num="63" count="2" type="cond" truecount="2" falsecount="0"/>
        <line num="64" count="1" type="stmt"/>
        <line num="66" count="0" type="stmt"/>
        <line num="71" count="2" type="stmt"/>
        <line num="72" count="2" type="stmt"/>
        <line num="73" count="2" type="cond" truecount="2" falsecount="0"/>
        <line num="74" count="1" type="stmt"/>
        <line num="79" count="0" type="stmt"/>
        <line num="84" count="5" type="stmt"/>
        <line num="90" count="5" type="cond" truecount="2" falsecount="0"/>
      </file>
    </package>
    <package name="src.context">
      <metrics statements="15" coveredstatements="10" conditionals="2" coveredconditionals="0" methods="6" coveredmethods="2"/>
      <file name="AuthContext.tsx" path="/Users/rafizimraan/DevProjects/@ReactNative/sidaqHubApps/src/context/AuthContext.tsx">
        <metrics statements="15" coveredstatements="10" conditionals="2" coveredconditionals="0" methods="6" coveredmethods="2"/>
        <line num="29" count="1" type="stmt"/>
        <line num="31" count="1" type="stmt"/>
        <line num="33" count="2" type="stmt"/>
        <line num="34" count="2" type="stmt"/>
        <line num="35" count="2" type="stmt"/>
        <line num="37" count="2" type="stmt"/>
        <line num="38" count="0" type="stmt"/>
        <line num="39" count="0" type="stmt"/>
        <line num="42" count="2" type="stmt"/>
        <line num="43" count="0" type="stmt"/>
        <line num="44" count="0" type="stmt"/>
        <line num="47" count="2" type="stmt"/>
        <line num="48" count="0" type="cond" truecount="0" falsecount="2"/>
        <line num="51" count="2" type="stmt"/>
        <line num="58" count="2" type="stmt"/>
      </file>
    </package>
    <package name="src.utils">
      <metrics statements="50" coveredstatements="49" conditionals="44" coveredconditionals="37" methods="15" coveredmethods="15"/>
      <file name="api.ts" path="/Users/rafizimraan/DevProjects/@ReactNative/sidaqHubApps/src/utils/api.ts">
        <metrics statements="9" coveredstatements="9" conditionals="1" coveredconditionals="1" methods="7" coveredmethods="7"/>
        <line num="9" count="1" type="cond" truecount="1" falsecount="0"/>
        <line num="10" count="4" type="stmt"/>
        <line num="12" count="1" type="stmt"/>
        <line num="13" count="1" type="stmt"/>
        <line num="14" count="1" type="stmt"/>
        <line num="15" count="1" type="stmt"/>
        <line num="16" count="1" type="stmt"/>
        <line num="17" count="1" type="stmt"/>
        <line num="18" count="1" type="stmt"/>
      </file>
      <file name="mock.ts" path="/Users/rafizimraan/DevProjects/@ReactNative/sidaqHubApps/src/utils/mock.ts">
        <metrics statements="41" coveredstatements="40" conditionals="43" coveredconditionals="36" methods="8" coveredmethods="8"/>
        <line num="8" count="32" type="stmt"/>
        <line num="10" count="8" type="stmt"/>
        <line num="13" count="2" type="stmt"/>
        <line num="29" count="2" type="stmt"/>
        <line num="32" count="2" type="stmt"/>
        <line num="70" count="2" type="stmt"/>
        <line num="73" count="2" type="stmt"/>
        <line num="123" count="2" type="stmt"/>
        <line num="131" count="2" type="stmt"/>
        <line num="138" count="2" type="stmt"/>
        <line num="162" count="2" type="stmt"/>
        <line num="194" count="2" type="stmt"/>
        <line num="203" count="2" type="stmt"/>
        <line num="204" count="2" type="stmt"/>
        <line num="212" count="16" type="cond" truecount="8" falsecount="0"/>
        <line num="213" count="1" type="stmt"/>
        <line num="214" count="1" type="stmt"/>
        <line num="215" count="1" type="stmt"/>
        <line num="216" count="1" type="stmt"/>
        <line num="217" count="1" type="stmt"/>
        <line num="218" count="1" type="stmt"/>
        <line num="219" count="1" type="stmt"/>
        <line num="220" count="2" type="stmt"/>
        <line num="226" count="7" type="cond" truecount="2" falsecount="0"/>
        <line num="229" count="6" type="cond" truecount="2" falsecount="0"/>
        <line num="230" count="6" type="cond" truecount="2" falsecount="0"/>
        <line num="234" count="4" type="cond" truecount="2" falsecount="0"/>
        <line num="235" count="1" type="cond" truecount="2" falsecount="2"/>
        <line num="236" count="0" type="stmt"/>
        <line num="240" count="3" type="cond" truecount="2" falsecount="0"/>
        <line num="241" count="1" type="cond" truecount="3" falsecount="1"/>
        <line num="242" count="1" type="cond" truecount="1" falsecount="1"/>
        <line num="246" count="2" type="cond" truecount="2" falsecount="0"/>
        <line num="247" count="1" type="cond" truecount="1" falsecount="1"/>
        <line num="251" count="1" type="stmt"/>
        <line num="257" count="3" type="cond" truecount="2" falsecount="0"/>
        <line num="258" count="1" type="cond" truecount="1" falsecount="1"/>
        <line num="259" count="1" type="stmt"/>
        <line num="262" count="2" type="cond" truecount="4" falsecount="0"/>
        <line num="263" count="1" type="stmt"/>
        <line num="270" count="1" type="stmt"/>
      </file>
    </package>
  </project>
</coverage>
