{"/Users/rafizimraan/DevProjects/@ReactNative/sidaqHubApps/app/(auth)/login.tsx": {"path":"/Users/rafizimraan/DevProjects/@ReactNative/sidaqHubApps/app/(auth)/login.tsx","statementMap":{"0":{"start":{"line":21,"column":28},"end":{"line":21,"column":40}},"1":{"start":{"line":22,"column":34},"end":{"line":22,"column":46}},"2":{"start":{"line":23,"column":34},"end":{"line":23,"column":49}},"3":{"start":{"line":24,"column":38},"end":{"line":24,"column":52}},"4":{"start":{"line":25,"column":32},"end":{"line":25,"column":47}},"5":{"start":{"line":26,"column":20},"end":{"line":26,"column":29}},"6":{"start":{"line":27,"column":17},"end":{"line":27,"column":28}},"7":{"start":{"line":29,"column":22},"end":{"line":37,"column":3}},"8":{"start":{"line":30,"column":4},"end":{"line":33,"column":5}},"9":{"start":{"line":31,"column":6},"end":{"line":31,"column":67}},"10":{"start":{"line":32,"column":6},"end":{"line":32,"column":13}},"11":{"start":{"line":35,"column":4},"end":{"line":35,"column":49}},"12":{"start":{"line":36,"column":4},"end":{"line":36,"column":35}},"13":{"start":{"line":39,"column":21},"end":{"line":43,"column":5}},"14":{"start":{"line":40,"column":4},"end":{"line":43,"column":5}},"15":{"start":{"line":45,"column":2},"end":{"line":202,"column":4}},"16":{"start":{"line":97,"column":31},"end":{"line":97,"column":53}},"17":{"start":{"line":115,"column":29},"end":{"line":115,"column":55}},"18":{"start":{"line":186,"column":27},"end":{"line":186,"column":58}},"19":{"start":{"line":205,"column":15},"end":{"line":374,"column":2}}},"fnMap":{"0":{"name":"LoginScreen","decl":{"start":{"line":20,"column":24},"end":{"line":20,"column":35}},"loc":{"start":{"line":20,"column":38},"end":{"line":203,"column":1}},"line":20},"1":{"name":"(anonymous_1)","decl":{"start":{"line":29,"column":22},"end":{"line":29,"column":23}},"loc":{"start":{"line":29,"column":34},"end":{"line":37,"column":3}},"line":29},"2":{"name":"(anonymous_2)","decl":{"start":{"line":39,"column":21},"end":{"line":39,"column":22}},"loc":{"start":{"line":40,"column":4},"end":{"line":43,"column":5}},"line":40},"3":{"name":"(anonymous_3)","decl":{"start":{"line":97,"column":25},"end":{"line":97,"column":26}},"loc":{"start":{"line":97,"column":31},"end":{"line":97,"column":53}},"line":97},"4":{"name":"(anonymous_4)","decl":{"start":{"line":115,"column":23},"end":{"line":115,"column":24}},"loc":{"start":{"line":115,"column":29},"end":{"line":115,"column":55}},"line":115},"5":{"name":"(anonymous_5)","decl":{"start":{"line":186,"column":21},"end":{"line":186,"column":22}},"loc":{"start":{"line":186,"column":27},"end":{"line":186,"column":58}},"line":186}},"branchMap":{"0":{"loc":{"start":{"line":30,"column":4},"end":{"line":33,"column":5}},"type":"if","locations":[{"start":{"line":30,"column":4},"end":{"line":33,"column":5}},{"start":{},"end":{}}],"line":30},"1":{"loc":{"start":{"line":30,"column":8},"end":{"line":30,"column":41}},"type":"binary-expr","locations":[{"start":{"line":30,"column":8},"end":{"line":30,"column":21}},{"start":{"line":30,"column":25},"end":{"line":30,"column":41}}],"line":30},"2":{"loc":{"start":{"line":48,"column":16},"end":{"line":48,"column":60}},"type":"cond-expr","locations":[{"start":{"line":48,"column":40},"end":{"line":48,"column":49}},{"start":{"line":48,"column":52},"end":{"line":48,"column":60}}],"line":48},"3":{"loc":{"start":{"line":102,"column":24},"end":{"line":102,"column":68}},"type":"cond-expr","locations":[{"start":{"line":102,"column":35},"end":{"line":102,"column":52}},{"start":{"line":102,"column":55},"end":{"line":102,"column":68}}],"line":102},"4":{"loc":{"start":{"line":119,"column":41},"end":{"line":119,"column":76}},"type":"binary-expr","locations":[{"start":{"line":119,"column":41},"end":{"line":119,"column":51}},{"start":{"line":119,"column":55},"end":{"line":119,"column":76}}],"line":119},"5":{"loc":{"start":{"line":121,"column":17},"end":{"line":123,"column":17}},"type":"binary-expr","locations":[{"start":{"line":121,"column":17},"end":{"line":121,"column":27}},{"start":{"line":122,"column":18},"end":{"line":122,"column":70}}],"line":121},"6":{"loc":{"start":{"line":139,"column":39},"end":{"line":139,"column":68}},"type":"binary-expr","locations":[{"start":{"line":139,"column":39},"end":{"line":139,"column":46}},{"start":{"line":139,"column":50},"end":{"line":139,"column":68}}],"line":139},"7":{"loc":{"start":{"line":144,"column":13},"end":{"line":148,"column":13}},"type":"cond-expr","locations":[{"start":{"line":145,"column":14},"end":{"line":145,"column":48}},{"start":{"line":147,"column":14},"end":{"line":147,"column":62}}],"line":144}},"s":{"0":12,"1":12,"2":12,"3":12,"4":12,"5":12,"6":12,"7":12,"8":1,"9":0,"10":0,"11":1,"12":1,"13":12,"14":0,"15":12,"16":1,"17":0,"18":0,"19":1},"f":{"0":12,"1":1,"2":0,"3":1,"4":0,"5":0},"b":{"0":[0,1],"1":[1,1],"2":[12,0],"3":[1,11],"4":[12,12],"5":[12,12],"6":[12,0],"7":[0,12]},"_coverageSchema":"1a1c01bbd47fc00a2c39e90264f33305004495a9","hash":"a07ea9dc3f59b3f157d33bb6a783ebbb75607f11"}
,"/Users/rafizimraan/DevProjects/@ReactNative/sidaqHubApps/src/constants/theme.ts": {"path":"/Users/rafizimraan/DevProjects/@ReactNative/sidaqHubApps/src/constants/theme.ts","statementMap":{"0":{"start":{"line":1,"column":22},"end":{"line":14,"column":1}},"1":{"start":{"line":16,"column":21},"end":{"line":22,"column":1}},"2":{"start":{"line":24,"column":23},"end":{"line":31,"column":1}},"3":{"start":{"line":33,"column":22},"end":{"line":39,"column":1}},"4":{"start":{"line":42,"column":2},"end":{"line":42,"column":91}},"5":{"start":{"line":42,"column":22},"end":{"line":42,"column":91}},"6":{"start":{"line":43,"column":2},"end":{"line":43,"column":91}},"7":{"start":{"line":43,"column":22},"end":{"line":43,"column":91}},"8":{"start":{"line":44,"column":2},"end":{"line":44,"column":91}},"9":{"start":{"line":44,"column":22},"end":{"line":44,"column":91}},"10":{"start":{"line":45,"column":2},"end":{"line":45,"column":91}},"11":{"start":{"line":45,"column":22},"end":{"line":45,"column":91}},"12":{"start":{"line":46,"column":2},"end":{"line":46,"column":90}},"13":{"start":{"line":46,"column":22},"end":{"line":46,"column":90}},"14":{"start":{"line":47,"column":2},"end":{"line":47,"column":83}},"15":{"start":{"line":47,"column":20},"end":{"line":47,"column":83}},"16":{"start":{"line":48,"column":2},"end":{"line":48,"column":57}},"17":{"start":{"line":52,"column":2},"end":{"line":67,"column":3}},"18":{"start":{"line":53,"column":17},"end":{"line":53,"column":34}},"19":{"start":{"line":54,"column":4},"end":{"line":54,"column":41}},"20":{"start":{"line":54,"column":31},"end":{"line":54,"column":41}},"21":{"start":{"line":55,"column":16},"end":{"line":55,"column":26}},"22":{"start":{"line":56,"column":17},"end":{"line":56,"column":47}},"23":{"start":{"line":57,"column":20},"end":{"line":57,"column":44}},"24":{"start":{"line":58,"column":18},"end":{"line":58,"column":44}},"25":{"start":{"line":59,"column":17},"end":{"line":59,"column":44}},"26":{"start":{"line":60,"column":4},"end":{"line":60,"column":40}},"27":{"start":{"line":60,"column":21},"end":{"line":60,"column":40}},"28":{"start":{"line":61,"column":4},"end":{"line":61,"column":53}},"29":{"start":{"line":61,"column":22},"end":{"line":61,"column":53}},"30":{"start":{"line":62,"column":4},"end":{"line":62,"column":47}},"31":{"start":{"line":62,"column":20},"end":{"line":62,"column":47}},"32":{"start":{"line":63,"column":4},"end":{"line":63,"column":45}},"33":{"start":{"line":63,"column":18},"end":{"line":63,"column":45}},"34":{"start":{"line":64,"column":4},"end":{"line":64,"column":80}},"35":{"start":{"line":66,"column":4},"end":{"line":66,"column":14}},"36":{"start":{"line":71,"column":2},"end":{"line":80,"column":3}},"37":{"start":{"line":72,"column":17},"end":{"line":72,"column":44}},"38":{"start":{"line":73,"column":4},"end":{"line":73,"column":64}},"39":{"start":{"line":73,"column":31},"end":{"line":73,"column":64}},"40":{"start":{"line":74,"column":4},"end":{"line":77,"column":7}},"41":{"start":{"line":79,"column":4},"end":{"line":79,"column":37}},"42":{"start":{"line":84,"column":38},"end":{"line":89,"column":3}},"43":{"start":{"line":90,"column":2},"end":{"line":90,"column":27}}},"fnMap":{"0":{"name":"getJuzBadge","decl":{"start":{"line":41,"column":16},"end":{"line":41,"column":27}},"loc":{"start":{"line":41,"column":92},"end":{"line":49,"column":1}},"line":41},"1":{"name":"formatTime","decl":{"start":{"line":51,"column":16},"end":{"line":51,"column":26}},"loc":{"start":{"line":51,"column":52},"end":{"line":68,"column":1}},"line":51},"2":{"name":"formatSchedule","decl":{"start":{"line":70,"column":16},"end":{"line":70,"column":30}},"loc":{"start":{"line":70,"column":63},"end":{"line":81,"column":1}},"line":70},"3":{"name":"getRoleLabel","decl":{"start":{"line":83,"column":16},"end":{"line":83,"column":28}},"loc":{"start":{"line":83,"column":51},"end":{"line":91,"column":1}},"line":83}},"branchMap":{"0":{"loc":{"start":{"line":42,"column":2},"end":{"line":42,"column":91}},"type":"if","locations":[{"start":{"line":42,"column":2},"end":{"line":42,"column":91}},{"start":{},"end":{}}],"line":42},"1":{"loc":{"start":{"line":43,"column":2},"end":{"line":43,"column":91}},"type":"if","locations":[{"start":{"line":43,"column":2},"end":{"line":43,"column":91}},{"start":{},"end":{}}],"line":43},"2":{"loc":{"start":{"line":44,"column":2},"end":{"line":44,"column":91}},"type":"if","locations":[{"start":{"line":44,"column":2},"end":{"line":44,"column":91}},{"start":{},"end":{}}],"line":44},"3":{"loc":{"start":{"line":45,"column":2},"end":{"line":45,"column":91}},"type":"if","locations":[{"start":{"line":45,"column":2},"end":{"line":45,"column":91}},{"start":{},"end":{}}],"line":45},"4":{"loc":{"start":{"line":46,"column":2},"end":{"line":46,"column":90}},"type":"if","locations":[{"start":{"line":46,"column":2},"end":{"line":46,"column":90}},{"start":{},"end":{}}],"line":46},"5":{"loc":{"start":{"line":47,"column":2},"end":{"line":47,"column":83}},"type":"if","locations":[{"start":{"line":47,"column":2},"end":{"line":47,"column":83}},{"start":{},"end":{}}],"line":47},"6":{"loc":{"start":{"line":54,"column":4},"end":{"line":54,"column":41}},"type":"if","locations":[{"start":{"line":54,"column":4},"end":{"line":54,"column":41}},{"start":{},"end":{}}],"line":54},"7":{"loc":{"start":{"line":60,"column":4},"end":{"line":60,"column":40}},"type":"if","locations":[{"start":{"line":60,"column":4},"end":{"line":60,"column":40}},{"start":{},"end":{}}],"line":60},"8":{"loc":{"start":{"line":61,"column":4},"end":{"line":61,"column":53}},"type":"if","locations":[{"start":{"line":61,"column":4},"end":{"line":61,"column":53}},{"start":{},"end":{}}],"line":61},"9":{"loc":{"start":{"line":62,"column":4},"end":{"line":62,"column":47}},"type":"if","locations":[{"start":{"line":62,"column":4},"end":{"line":62,"column":47}},{"start":{},"end":{}}],"line":62},"10":{"loc":{"start":{"line":63,"column":4},"end":{"line":63,"column":45}},"type":"if","locations":[{"start":{"line":63,"column":4},"end":{"line":63,"column":45}},{"start":{},"end":{}}],"line":63},"11":{"loc":{"start":{"line":73,"column":4},"end":{"line":73,"column":64}},"type":"if","locations":[{"start":{"line":73,"column":4},"end":{"line":73,"column":64}},{"start":{},"end":{}}],"line":73},"12":{"loc":{"start":{"line":90,"column":9},"end":{"line":90,"column":26}},"type":"binary-expr","locations":[{"start":{"line":90,"column":9},"end":{"line":90,"column":18}},{"start":{"line":90,"column":22},"end":{"line":90,"column":26}}],"line":90}},"s":{"0":2,"1":2,"2":2,"3":2,"4":7,"5":1,"6":6,"7":1,"8":5,"9":1,"10":4,"11":1,"12":3,"13":1,"14":2,"15":1,"16":1,"17":6,"18":6,"19":6,"20":1,"21":5,"22":5,"23":5,"24":5,"25":5,"26":5,"27":1,"28":4,"29":1,"30":3,"31":1,"32":2,"33":1,"34":1,"35":0,"36":2,"37":2,"38":2,"39":1,"40":1,"41":0,"42":5,"43":5},"f":{"0":7,"1":6,"2":2,"3":5},"b":{"0":[1,6],"1":[1,5],"2":[1,4],"3":[1,3],"4":[1,2],"5":[1,1],"6":[1,5],"7":[1,4],"8":[1,3],"9":[1,2],"10":[1,1],"11":[1,1],"12":[5,1]},"_coverageSchema":"1a1c01bbd47fc00a2c39e90264f33305004495a9","hash":"cb3ecd4e199520245c488c83905ffc1a5c53cdce"}
,"/Users/rafizimraan/DevProjects/@ReactNative/sidaqHubApps/src/context/AuthContext.tsx": {"path":"/Users/rafizimraan/DevProjects/@ReactNative/sidaqHubApps/src/context/AuthContext.tsx","statementMap":{"0":{"start":{"line":29,"column":20},"end":{"line":29,"column":73}},"1":{"start":{"line":31,"column":28},"end":{"line":56,"column":1}},"2":{"start":{"line":33,"column":26},"end":{"line":33,"column":69}},"3":{"start":{"line":34,"column":28},"end":{"line":34,"column":63}},"4":{"start":{"line":35,"column":20},"end":{"line":35,"column":35}},"5":{"start":{"line":37,"column":16},"end":{"line":40,"column":3}},"6":{"start":{"line":38,"column":4},"end":{"line":38,"column":23}},"7":{"start":{"line":39,"column":4},"end":{"line":39,"column":22}},"8":{"start":{"line":42,"column":17},"end":{"line":45,"column":3}},"9":{"start":{"line":43,"column":4},"end":{"line":43,"column":19}},"10":{"start":{"line":44,"column":4},"end":{"line":44,"column":18}},"11":{"start":{"line":47,"column":21},"end":{"line":49,"column":3}},"12":{"start":{"line":48,"column":4},"end":{"line":48,"column":63}},"13":{"start":{"line":48,"column":23},"end":{"line":48,"column":60}},"14":{"start":{"line":51,"column":2},"end":{"line":55,"column":4}},"15":{"start":{"line":58,"column":23},"end":{"line":58,"column":52}},"16":{"start":{"line":58,"column":29},"end":{"line":58,"column":52}}},"fnMap":{"0":{"name":"(anonymous_0)","decl":{"start":{"line":31,"column":28},"end":{"line":31,"column":29}},"loc":{"start":{"line":31,"column":77},"end":{"line":56,"column":1}},"line":31},"1":{"name":"(anonymous_1)","decl":{"start":{"line":37,"column":16},"end":{"line":37,"column":17}},"loc":{"start":{"line":37,"column":60},"end":{"line":40,"column":3}},"line":37},"2":{"name":"(anonymous_2)","decl":{"start":{"line":42,"column":17},"end":{"line":42,"column":18}},"loc":{"start":{"line":42,"column":29},"end":{"line":45,"column":3}},"line":42},"3":{"name":"(anonymous_3)","decl":{"start":{"line":47,"column":21},"end":{"line":47,"column":22}},"loc":{"start":{"line":47,"column":49},"end":{"line":49,"column":3}},"line":47},"4":{"name":"(anonymous_4)","decl":{"start":{"line":48,"column":12},"end":{"line":48,"column":13}},"loc":{"start":{"line":48,"column":23},"end":{"line":48,"column":60}},"line":48},"5":{"name":"(anonymous_5)","decl":{"start":{"line":58,"column":23},"end":{"line":58,"column":24}},"loc":{"start":{"line":58,"column":29},"end":{"line":58,"column":52}},"line":58}},"branchMap":{"0":{"loc":{"start":{"line":48,"column":23},"end":{"line":48,"column":60}},"type":"cond-expr","locations":[{"start":{"line":48,"column":30},"end":{"line":48,"column":53}},{"start":{"line":48,"column":56},"end":{"line":48,"column":60}}],"line":48}},"s":{"0":1,"1":1,"2":2,"3":2,"4":2,"5":2,"6":0,"7":0,"8":2,"9":0,"10":0,"11":2,"12":0,"13":0,"14":2,"15":1,"16":2},"f":{"0":2,"1":0,"2":0,"3":0,"4":0,"5":2},"b":{"0":[0,0]},"_coverageSchema":"1a1c01bbd47fc00a2c39e90264f33305004495a9","hash":"466acc114642b1a070ca43e39b3fbf8ff6799a33"}
,"/Users/rafizimraan/DevProjects/@ReactNative/sidaqHubApps/src/utils/api.ts": {"path":"/Users/rafizimraan/DevProjects/@ReactNative/sidaqHubApps/src/utils/api.ts","statementMap":{"0":{"start":{"line":9,"column":14},"end":{"line":10,"column":64}},"1":{"start":{"line":10,"column":2},"end":{"line":10,"column":64}},"2":{"start":{"line":10,"column":27},"end":{"line":10,"column":63}},"3":{"start":{"line":10,"column":44},"end":{"line":10,"column":58}},"4":{"start":{"line":12,"column":22},"end":{"line":12,"column":63}},"5":{"start":{"line":12,"column":40},"end":{"line":12,"column":63}},"6":{"start":{"line":13,"column":23},"end":{"line":14,"column":44}},"7":{"start":{"line":14,"column":2},"end":{"line":14,"column":44}},"8":{"start":{"line":15,"column":22},"end":{"line":16,"column":43}},"9":{"start":{"line":16,"column":2},"end":{"line":16,"column":43}},"10":{"start":{"line":17,"column":25},"end":{"line":18,"column":40}},"11":{"start":{"line":18,"column":2},"end":{"line":18,"column":40}}},"fnMap":{"0":{"name":"(anonymous_0)","decl":{"start":{"line":9,"column":14},"end":{"line":9,"column":15}},"loc":{"start":{"line":10,"column":2},"end":{"line":10,"column":64}},"line":10},"1":{"name":"(anonymous_1)","decl":{"start":{"line":10,"column":14},"end":{"line":10,"column":15}},"loc":{"start":{"line":10,"column":27},"end":{"line":10,"column":63}},"line":10},"2":{"name":"(anonymous_2)","decl":{"start":{"line":10,"column":38},"end":{"line":10,"column":39}},"loc":{"start":{"line":10,"column":44},"end":{"line":10,"column":58}},"line":10},"3":{"name":"(anonymous_3)","decl":{"start":{"line":12,"column":22},"end":{"line":12,"column":23}},"loc":{"start":{"line":12,"column":40},"end":{"line":12,"column":63}},"line":12},"4":{"name":"(anonymous_4)","decl":{"start":{"line":13,"column":23},"end":{"line":13,"column":24}},"loc":{"start":{"line":14,"column":2},"end":{"line":14,"column":44}},"line":14},"5":{"name":"(anonymous_5)","decl":{"start":{"line":15,"column":22},"end":{"line":15,"column":23}},"loc":{"start":{"line":16,"column":2},"end":{"line":16,"column":43}},"line":16},"6":{"name":"(anonymous_6)","decl":{"start":{"line":17,"column":25},"end":{"line":17,"column":26}},"loc":{"start":{"line":18,"column":2},"end":{"line":18,"column":40}},"line":18}},"branchMap":{"0":{"loc":{"start":{"line":9,"column":28},"end":{"line":9,"column":36}},"type":"default-arg","locations":[{"start":{"line":9,"column":33},"end":{"line":9,"column":36}}],"line":9}},"s":{"0":1,"1":4,"2":4,"3":4,"4":1,"5":1,"6":1,"7":1,"8":1,"9":1,"10":1,"11":1},"f":{"0":4,"1":4,"2":4,"3":1,"4":1,"5":1,"6":1},"b":{"0":[4]},"_coverageSchema":"1a1c01bbd47fc00a2c39e90264f33305004495a9","hash":"31c99eda14ae0fea6fc406e27d795b6ee91452c6"}
,"/Users/rafizimraan/DevProjects/@ReactNative/sidaqHubApps/src/utils/mock.ts": {"path":"/Users/rafizimraan/DevProjects/@ReactNative/sidaqHubApps/src/utils/mock.ts","statementMap":{"0":{"start":{"line":8,"column":16},"end":{"line":8,"column":77}},"1":{"start":{"line":8,"column":31},"end":{"line":8,"column":77}},"2":{"start":{"line":10,"column":18},"end":{"line":10,"column":82}},"3":{"start":{"line":10,"column":33},"end":{"line":10,"column":82}},"4":{"start":{"line":13,"column":28},"end":{"line":27,"column":1}},"5":{"start":{"line":29,"column":26},"end":{"line":29,"column":44}},"6":{"start":{"line":32,"column":28},"end":{"line":68,"column":1}},"7":{"start":{"line":70,"column":17},"end":{"line":70,"column":68}},"8":{"start":{"line":70,"column":33},"end":{"line":70,"column":68}},"9":{"start":{"line":70,"column":51},"end":{"line":70,"column":67}},"10":{"start":{"line":73,"column":28},"end":{"line":120,"column":1}},"11":{"start":{"line":123,"column":30},"end":{"line":128,"column":1}},"12":{"start":{"line":131,"column":31},"end":{"line":135,"column":1}},"13":{"start":{"line":138,"column":34},"end":{"line":159,"column":1}},"14":{"start":{"line":162,"column":31},"end":{"line":191,"column":1}},"15":{"start":{"line":194,"column":36},"end":{"line":200,"column":1}},"16":{"start":{"line":203,"column":34},"end":{"line":203,"column":54}},"17":{"start":{"line":204,"column":34},"end":{"line":204,"column":64}},"18":{"start":{"line":212,"column":2},"end":{"line":221,"column":3}},"19":{"start":{"line":213,"column":28},"end":{"line":213,"column":41}},"20":{"start":{"line":214,"column":25},"end":{"line":214,"column":40}},"21":{"start":{"line":215,"column":29},"end":{"line":215,"column":48}},"22":{"start":{"line":216,"column":26},"end":{"line":216,"column":42}},"23":{"start":{"line":217,"column":31},"end":{"line":217,"column":52}},"24":{"start":{"line":218,"column":37},"end":{"line":218,"column":56}},"25":{"start":{"line":219,"column":37},"end":{"line":219,"column":56}},"26":{"start":{"line":220,"column":26},"end":{"line":220,"column":46}},"27":{"start":{"line":226,"column":2},"end":{"line":226,"column":77}},"28":{"start":{"line":226,"column":61},"end":{"line":226,"column":77}},"29":{"start":{"line":229,"column":2},"end":{"line":231,"column":3}},"30":{"start":{"line":230,"column":4},"end":{"line":230,"column":62}},"31":{"start":{"line":230,"column":29},"end":{"line":230,"column":48}},"32":{"start":{"line":234,"column":2},"end":{"line":237,"column":3}},"33":{"start":{"line":235,"column":4},"end":{"line":235,"column":81}},"34":{"start":{"line":235,"column":56},"end":{"line":235,"column":81}},"35":{"start":{"line":236,"column":4},"end":{"line":236,"column":29}},"36":{"start":{"line":240,"column":2},"end":{"line":243,"column":3}},"37":{"start":{"line":241,"column":4},"end":{"line":241,"column":76}},"38":{"start":{"line":241,"column":56},"end":{"line":241,"column":76}},"39":{"start":{"line":242,"column":4},"end":{"line":242,"column":38}},"40":{"start":{"line":246,"column":2},"end":{"line":248,"column":3}},"41":{"start":{"line":247,"column":4},"end":{"line":247,"column":71}},"42":{"start":{"line":247,"column":32},"end":{"line":247,"column":54}},"43":{"start":{"line":251,"column":2},"end":{"line":251,"column":12}},"44":{"start":{"line":257,"column":2},"end":{"line":260,"column":3}},"45":{"start":{"line":258,"column":4},"end":{"line":258,"column":44}},"46":{"start":{"line":259,"column":4},"end":{"line":259,"column":24}},"47":{"start":{"line":262,"column":2},"end":{"line":268,"column":3}},"48":{"start":{"line":263,"column":4},"end":{"line":267,"column":6}},"49":{"start":{"line":270,"column":2},"end":{"line":270,"column":12}}},"fnMap":{"0":{"name":"(anonymous_0)","decl":{"start":{"line":8,"column":16},"end":{"line":8,"column":17}},"loc":{"start":{"line":8,"column":31},"end":{"line":8,"column":77}},"line":8},"1":{"name":"(anonymous_1)","decl":{"start":{"line":10,"column":18},"end":{"line":10,"column":19}},"loc":{"start":{"line":10,"column":33},"end":{"line":10,"column":82}},"line":10},"2":{"name":"(anonymous_2)","decl":{"start":{"line":70,"column":17},"end":{"line":70,"column":18}},"loc":{"start":{"line":70,"column":33},"end":{"line":70,"column":68}},"line":70},"3":{"name":"(anonymous_3)","decl":{"start":{"line":70,"column":44},"end":{"line":70,"column":45}},"loc":{"start":{"line":70,"column":51},"end":{"line":70,"column":67}},"line":70},"4":{"name":"resolveGet","decl":{"start":{"line":210,"column":16},"end":{"line":210,"column":26}},"loc":{"start":{"line":210,"column":46},"end":{"line":252,"column":1}},"line":210},"5":{"name":"(anonymous_5)","decl":{"start":{"line":230,"column":22},"end":{"line":230,"column":23}},"loc":{"start":{"line":230,"column":29},"end":{"line":230,"column":48}},"line":230},"6":{"name":"(anonymous_6)","decl":{"start":{"line":247,"column":25},"end":{"line":247,"column":26}},"loc":{"start":{"line":247,"column":32},"end":{"line":247,"column":54}},"line":247},"7":{"name":"resolveMutation","decl":{"start":{"line":255,"column":16},"end":{"line":255,"column":31}},"loc":{"start":{"line":255,"column":79},"end":{"line":271,"column":1}},"line":255}},"branchMap":{"0":{"loc":{"start":{"line":212,"column":2},"end":{"line":221,"column":3}},"type":"switch","locations":[{"start":{"line":213,"column":4},"end":{"line":213,"column":41}},{"start":{"line":214,"column":4},"end":{"line":214,"column":40}},{"start":{"line":215,"column":4},"end":{"line":215,"column":48}},{"start":{"line":216,"column":4},"end":{"line":216,"column":42}},{"start":{"line":217,"column":4},"end":{"line":217,"column":52}},{"start":{"line":218,"column":4},"end":{"line":218,"column":56}},{"start":{"line":219,"column":4},"end":{"line":219,"column":56}},{"start":{"line":220,"column":4},"end":{"line":220,"column":46}}],"line":212},"1":{"loc":{"start":{"line":226,"column":2},"end":{"line":226,"column":77}},"type":"if","locations":[{"start":{"line":226,"column":2},"end":{"line":226,"column":77}},{"start":{},"end":{}}],"line":226},"2":{"loc":{"start":{"line":229,"column":2},"end":{"line":231,"column":3}},"type":"if","locations":[{"start":{"line":229,"column":2},"end":{"line":231,"column":3}},{"start":{},"end":{}}],"line":229},"3":{"loc":{"start":{"line":230,"column":11},"end":{"line":230,"column":61}},"type":"binary-expr","locations":[{"start":{"line":230,"column":11},"end":{"line":230,"column":49}},{"start":{"line":230,"column":53},"end":{"line":230,"column":61}}],"line":230},"4":{"loc":{"start":{"line":234,"column":2},"end":{"line":237,"column":3}},"type":"if","locations":[{"start":{"line":234,"column":2},"end":{"line":237,"column":3}},{"start":{},"end":{}}],"line":234},"5":{"loc":{"start":{"line":235,"column":4},"end":{"line":235,"column":81}},"type":"if","locations":[{"start":{"line":235,"column":4},"end":{"line":235,"column":81}},{"start":{},"end":{}}],"line":235},"6":{"loc":{"start":{"line":235,"column":8},"end":{"line":235,"column":54}},"type":"binary-expr","locations":[{"start":{"line":235,"column":8},"end":{"line":235,"column":21}},{"start":{"line":235,"column":25},"end":{"line":235,"column":54}}],"line":235},"7":{"loc":{"start":{"line":240,"column":2},"end":{"line":243,"column":3}},"type":"if","locations":[{"start":{"line":240,"column":2},"end":{"line":243,"column":3}},{"start":{},"end":{}}],"line":240},"8":{"loc":{"start":{"line":241,"column":4},"end":{"line":241,"column":76}},"type":"if","locations":[{"start":{"line":241,"column":4},"end":{"line":241,"column":76}},{"start":{},"end":{}}],"line":241},"9":{"loc":{"start":{"line":241,"column":8},"end":{"line":241,"column":54}},"type":"binary-expr","locations":[{"start":{"line":241,"column":8},"end":{"line":241,"column":21}},{"start":{"line":241,"column":25},"end":{"line":241,"column":54}}],"line":241},"10":{"loc":{"start":{"line":242,"column":11},"end":{"line":242,"column":37}},"type":"binary-expr","locations":[{"start":{"line":242,"column":11},"end":{"line":242,"column":25}},{"start":{"line":242,"column":29},"end":{"line":242,"column":37}}],"line":242},"11":{"loc":{"start":{"line":246,"column":2},"end":{"line":248,"column":3}},"type":"if","locations":[{"start":{"line":246,"column":2},"end":{"line":248,"column":3}},{"start":{},"end":{}}],"line":246},"12":{"loc":{"start":{"line":247,"column":11},"end":{"line":247,"column":70}},"type":"binary-expr","locations":[{"start":{"line":247,"column":11},"end":{"line":247,"column":55}},{"start":{"line":247,"column":59},"end":{"line":247,"column":70}}],"line":247},"13":{"loc":{"start":{"line":257,"column":2},"end":{"line":260,"column":3}},"type":"if","locations":[{"start":{"line":257,"column":2},"end":{"line":260,"column":3}},{"start":{},"end":{}}],"line":257},"14":{"loc":{"start":{"line":258,"column":32},"end":{"line":258,"column":42}},"type":"binary-expr","locations":[{"start":{"line":258,"column":32},"end":{"line":258,"column":36}},{"start":{"line":258,"column":40},"end":{"line":258,"column":42}}],"line":258},"15":{"loc":{"start":{"line":262,"column":2},"end":{"line":268,"column":3}},"type":"if","locations":[{"start":{"line":262,"column":2},"end":{"line":268,"column":3}},{"start":{},"end":{}}],"line":262},"16":{"loc":{"start":{"line":262,"column":6},"end":{"line":262,"column":71}},"type":"binary-expr","locations":[{"start":{"line":262,"column":6},"end":{"line":262,"column":50}},{"start":{"line":262,"column":54},"end":{"line":262,"column":71}}],"line":262},"17":{"loc":{"start":{"line":265,"column":15},"end":{"line":265,"column":43}},"type":"binary-expr","locations":[{"start":{"line":265,"column":16},"end":{"line":265,"column":20}},{"start":{"line":265,"column":24},"end":{"line":265,"column":36}},{"start":{"line":265,"column":41},"end":{"line":265,"column":43}}],"line":265}},"s":{"0":2,"1":32,"2":2,"3":8,"4":2,"5":2,"6":2,"7":2,"8":1,"9":1,"10":2,"11":2,"12":2,"13":2,"14":2,"15":2,"16":2,"17":2,"18":16,"19":1,"20":1,"21":1,"22":1,"23":1,"24":1,"25":1,"26":2,"27":7,"28":1,"29":6,"30":2,"31":6,"32":4,"33":1,"34":1,"35":0,"36":3,"37":1,"38":0,"39":1,"40":2,"41":1,"42":1,"43":1,"44":3,"45":1,"46":1,"47":2,"48":1,"49":1},"f":{"0":32,"1":8,"2":1,"3":1,"4":16,"5":6,"6":1,"7":3},"b":{"0":[1,1,1,1,1,1,1,2],"1":[1,6],"2":[2,4],"3":[2,1],"4":[1,3],"5":[1,0],"6":[1,0],"7":[1,2],"8":[0,1],"9":[1,1],"10":[1,0],"11":[1,1],"12":[1,0],"13":[1,2],"14":[1,0],"15":[1,1],"16":[2,1],"17":[1,1,0]},"_coverageSchema":"1a1c01bbd47fc00a2c39e90264f33305004495a9","hash":"d4db3a7ee3e22cf19cdccac3f3f235d8d228021f"}
}
