TN:
SF:app/(auth)/login.tsx
FN:20,LoginScreen
FN:29,(anonymous_1)
FN:39,(anonymous_2)
FN:97,(anonymous_3)
FN:115,(anonymous_4)
FN:186,(anonymous_5)
FNF:6
FNH:3
FNDA:12,LoginScreen
FNDA:1,(anonymous_1)
FNDA:0,(anonymous_2)
FNDA:1,(anonymous_3)
FNDA:0,(anonymous_4)
FNDA:0,(anonymous_5)
DA:21,12
DA:22,12
DA:23,12
DA:24,12
DA:25,12
DA:26,12
DA:27,12
DA:29,12
DA:30,1
DA:31,0
DA:32,0
DA:35,1
DA:36,1
DA:39,12
DA:40,0
DA:45,12
DA:97,1
DA:115,0
DA:186,0
DA:205,1
LF:20
LH:15
BRDA:30,0,0,0
BRDA:30,0,1,1
BRDA:30,1,0,1
BRDA:30,1,1,1
BRDA:48,2,0,12
BRDA:48,2,1,0
BRDA:102,3,0,1
BRDA:102,3,1,11
BRDA:119,4,0,12
BRDA:119,4,1,12
BRDA:121,5,0,12
BRDA:121,5,1,12
BRDA:139,6,0,12
BRDA:139,6,1,0
BRDA:144,7,0,0
BRDA:144,7,1,12
BRF:16
BRH:12
end_of_record
TN:
SF:src/constants/theme.ts
FN:41,getJuzBadge
FN:51,formatTime
FN:70,formatSchedule
FN:83,getRoleLabel
FNF:4
FNH:4
FNDA:7,getJuzBadge
FNDA:6,formatTime
FNDA:2,formatSchedule
FNDA:5,getRoleLabel
DA:1,2
DA:16,2
DA:24,2
DA:33,2
DA:42,7
DA:43,6
DA:44,5
DA:45,4
DA:46,3
DA:47,2
DA:48,1
DA:52,6
DA:53,6
DA:54,6
DA:55,5
DA:56,5
DA:57,5
DA:58,5
DA:59,5
DA:60,5
DA:61,4
DA:62,3
DA:63,2
DA:64,1
DA:66,0
DA:71,2
DA:72,2
DA:73,2
DA:74,1
DA:79,0
DA:84,5
DA:90,5
LF:32
LH:30
BRDA:42,0,0,1
BRDA:42,0,1,6
BRDA:43,1,0,1
BRDA:43,1,1,5
BRDA:44,2,0,1
BRDA:44,2,1,4
BRDA:45,3,0,1
BRDA:45,3,1,3
BRDA:46,4,0,1
BRDA:46,4,1,2
BRDA:47,5,0,1
BRDA:47,5,1,1
BRDA:54,6,0,1
BRDA:54,6,1,5
BRDA:60,7,0,1
BRDA:60,7,1,4
BRDA:61,8,0,1
BRDA:61,8,1,3
BRDA:62,9,0,1
BRDA:62,9,1,2
BRDA:63,10,0,1
BRDA:63,10,1,1
BRDA:73,11,0,1
BRDA:73,11,1,1
BRDA:90,12,0,5
BRDA:90,12,1,1
BRF:26
BRH:26
end_of_record
TN:
SF:src/context/AuthContext.tsx
FN:31,(anonymous_0)
FN:37,(anonymous_1)
FN:42,(anonymous_2)
FN:47,(anonymous_3)
FN:48,(anonymous_4)
FN:58,(anonymous_5)
FNF:6
FNH:2
FNDA:2,(anonymous_0)
FNDA:0,(anonymous_1)
FNDA:0,(anonymous_2)
FNDA:0,(anonymous_3)
FNDA:0,(anonymous_4)
FNDA:2,(anonymous_5)
DA:29,1
DA:31,1
DA:33,2
DA:34,2
DA:35,2
DA:37,2
DA:38,0
DA:39,0
DA:42,2
DA:43,0
DA:44,0
DA:47,2
DA:48,0
DA:51,2
DA:58,2
LF:15
LH:10
BRDA:48,0,0,0
BRDA:48,0,1,0
BRF:2
BRH:0
end_of_record
TN:
SF:src/utils/api.ts
FN:9,(anonymous_0)
FN:10,(anonymous_1)
FN:10,(anonymous_2)
FN:12,(anonymous_3)
FN:13,(anonymous_4)
FN:15,(anonymous_5)
FN:17,(anonymous_6)
FNF:7
FNH:7
FNDA:4,(anonymous_0)
FNDA:4,(anonymous_1)
FNDA:4,(anonymous_2)
FNDA:1,(anonymous_3)
FNDA:1,(anonymous_4)
FNDA:1,(anonymous_5)
FNDA:1,(anonymous_6)
DA:9,1
DA:10,4
DA:12,1
DA:13,1
DA:14,1
DA:15,1
DA:16,1
DA:17,1
DA:18,1
LF:9
LH:9
BRDA:9,0,0,4
BRF:1
BRH:1
end_of_record
TN:
SF:src/utils/mock.ts
FN:8,(anonymous_0)
FN:10,(anonymous_1)
FN:70,(anonymous_2)
FN:70,(anonymous_3)
FN:210,resolveGet
FN:230,(anonymous_5)
FN:247,(anonymous_6)
FN:255,resolveMutation
FNF:8
FNH:8
FNDA:32,(anonymous_0)
FNDA:8,(anonymous_1)
FNDA:1,(anonymous_2)
FNDA:1,(anonymous_3)
FNDA:16,resolveGet
FNDA:6,(anonymous_5)
FNDA:1,(anonymous_6)
FNDA:3,resolveMutation
DA:8,32
DA:10,8
DA:13,2
DA:29,2
DA:32,2
DA:70,2
DA:73,2
DA:123,2
DA:131,2
DA:138,2
DA:162,2
DA:194,2
DA:203,2
DA:204,2
DA:212,16
DA:213,1
DA:214,1
DA:215,1
DA:216,1
DA:217,1
DA:218,1
DA:219,1
DA:220,2
DA:226,7
DA:229,6
DA:230,6
DA:234,4
DA:235,1
DA:236,0
DA:240,3
DA:241,1
DA:242,1
DA:246,2
DA:247,1
DA:251,1
DA:257,3
DA:258,1
DA:259,1
DA:262,2
DA:263,1
DA:270,1
LF:41
LH:40
BRDA:212,0,0,1
BRDA:212,0,1,1
BRDA:212,0,2,1
BRDA:212,0,3,1
BRDA:212,0,4,1
BRDA:212,0,5,1
BRDA:212,0,6,1
BRDA:212,0,7,2
BRDA:226,1,0,1
BRDA:226,1,1,6
BRDA:229,2,0,2
BRDA:229,2,1,4
BRDA:230,3,0,2
BRDA:230,3,1,1
BRDA:234,4,0,1
BRDA:234,4,1,3
BRDA:235,5,0,1
BRDA:235,5,1,0
BRDA:235,6,0,1
BRDA:235,6,1,0
BRDA:240,7,0,1
BRDA:240,7,1,2
BRDA:241,8,0,0
BRDA:241,8,1,1
BRDA:241,9,0,1
BRDA:241,9,1,1
BRDA:242,10,0,1
BRDA:242,10,1,0
BRDA:246,11,0,1
BRDA:246,11,1,1
BRDA:247,12,0,1
BRDA:247,12,1,0
BRDA:257,13,0,1
BRDA:257,13,1,2
BRDA:258,14,0,1
BRDA:258,14,1,0
BRDA:262,15,0,1
BRDA:262,15,1,1
BRDA:262,16,0,2
BRDA:262,16,1,1
BRDA:265,17,0,1
BRDA:265,17,1,1
BRDA:265,17,2,0
BRF:43
BRH:36
end_of_record
